#-----------------------------------------------------------
# Vivado v2017.4 (64-bit)
# SW Build 2086221 on Fri Dec 15 20:55:39 MST 2017
# IP Build 2085800 on Fri Dec 15 22:25:07 MST 2017
# Start of session at: Thu Jan 18 23:03:18 2024
# Process ID: 13896
# Current directory: C:/Users/PC/Desktop/ECE/SEM 3/project_1/project_1.sim/sim_1/behav/xsim
# Command line: vivado.exe -gui_launcher_event rodinguilauncherevent14428 C:\Users\PC\Desktop\ECE\SEM 3\project_1\project_1.sim\sim_1\behav\xsim\gameLogic_behav.wdb
# Log file: C:/Users/PC/Desktop/ECE/SEM 3/project_1/project_1.sim/sim_1/behav/xsim/vivado.log
# Journal file: C:/Users/PC/Desktop/ECE/SEM 3/project_1/project_1.sim/sim_1/behav/xsim\vivado.jou
#-----------------------------------------------------------
start_gui
open_wave_database {C:\Users\PC\Desktop\ECE\SEM 3\project_1\project_1.sim\sim_1\behav\xsim\gameLogic_behav.wdb}
INFO: [IP_Flow 19-234] Refreshing IP repositories
INFO: [IP_Flow 19-1704] No user IP repositories specified
INFO: [IP_Flow 19-2313] Loaded Vivado IP repository 'C:/Vivado/2017.4/data/ip'.
current_fileset: Time (s): cpu = 00:00:14 ; elapsed = 00:00:07 . Memory (MB): peak = 841.551 ; gain = 134.352
open_wave_database: Time (s): cpu = 00:00:17 ; elapsed = 00:00:08 . Memory (MB): peak = 841.551 ; gain = 134.352
close_sim
INFO: [Simtcl 6-16] Simulation closed
exit
INFO: [Common 17-206] Exiting Vivado at Thu Jan 18 23:04:13 2024...
